# JRE version: Java(TM) SE Runtime Environment (8.0_151-b12) (build 1.8.0_151-b12)
# Java VM: Java HotSpot(TM) 64-Bit Server VM (25.151-b12 mixed mode windows-amd64 compressed oops)
Heap:
 PSYoungGen      total 244224K, used 101329K [0x0000000780800000, 0x0000000796080000, 0x00000007c0000000)
  eden space 227840K, 42% used [0x0000000780800000,0x00000007865f88e8,0x000000078e680000)
  from space 16384K, 31% used [0x000000078e680000,0x000000078eb7bd60,0x000000078f680000)
  to   space 15872K, 0% used [0x0000000795100000,0x0000000795100000,0x0000000796080000)
 ParOldGen       total 133632K, used 23343K [0x0000000701800000, 0x0000000709a80000, 0x0000000780800000)
  object space 133632K, 17% used [0x0000000701800000,0x0000000702ecbe00,0x0000000709a80000)
 Metaspace       used 62811K, capacity 65460K, committed 65816K, reserved 1105920K
  class space    used 7952K, capacity 8387K, committed 8472K, reserved 1048576K
GC Heap History (10 events):
Event: 20.212 GC heap before
{Heap before GC invocations=12 (full 2):
 PSYoungGen      total 132096K, used 120832K [0x0000000780800000, 0x000000078c780000, 0x00000007c0000000)
  eden space 120832K, 100% used [0x0000000780800000,0x0000000787e00000,0x0000000787e00000)
  from space 11264K, 0% used [0x0000000787e00000,0x0000000787e00000,0x0000000788900000)
  to   space 11264K, 0% used [0x000000078bc80000,0x000000078bc80000,0x000000078c780000)
 ParOldGen       total 104960K, used 12430K [0x0000000701800000, 0x0000000707e80000, 0x0000000780800000)
  object space 104960K, 11% used [0x0000000701800000,0x0000000702423b08,0x0000000707e80000)
 Metaspace       used 44518K, capacity 46442K, committed 46640K, reserved 1089536K
  class space    used 5601K, capacity 5922K, committed 5936K, reserved 1048576K
Event: 20.237 GC heap after
Heap after GC invocations=12 (full 2):
 PSYoungGen      total 179712K, used 11079K [0x0000000780800000, 0x000000078c780000, 0x00000007c0000000)
  eden space 168448K, 0% used [0x0000000780800000,0x0000000780800000,0x000000078ac80000)
  from space 11264K, 98% used [0x000000078bc80000,0x000000078c751d28,0x000000078c780000)
  to   space 12288K, 0% used [0x000000078af80000,0x000000078af80000,0x000000078bb80000)
 ParOldGen       total 104960K, used 12502K [0x0000000701800000, 0x0000000707e80000, 0x0000000780800000)
  object space 104960K, 11% used [0x0000000701800000,0x0000000702435b18,0x0000000707e80000)
 Metaspace       used 44518K, capacity 46442K, committed 46640K, reserved 1089536K
  class space    used 5601K, capacity 5922K, committed 5936K, reserved 1048576K
}
Event: 49.171 GC heap before
{Heap before GC invocations=13 (full 2):
 PSYoungGen      total 179712K, used 179527K [0x0000000780800000, 0x000000078c780000, 0x00000007c0000000)
  eden space 168448K, 100% used [0x0000000780800000,0x000000078ac80000,0x000000078ac80000)
  from space 11264K, 98% used [0x000000078bc80000,0x000000078c751d28,0x000000078c780000)
  to   space 12288K, 0% used [0x000000078af80000,0x000000078af80000,0x000000078bb80000)
 ParOldGen       total 104960K, used 12502K [0x0000000701800000, 0x0000000707e80000, 0x0000000780800000)
  object space 104960K, 11% used [0x0000000701800000,0x0000000702435b18,0x0000000707e80000)
 Metaspace       used 55936K, capacity 58394K, committed 58544K, reserved 1099776K
  class space    used 7114K, capacity 7511K, committed 7600K, reserved 1048576K
Event: 49.203 GC heap after
Heap after GC invocations=13 (full 2):
 PSYoungGen      total 183808K, used 12269K [0x0000000780800000, 0x0000000790600000, 0x00000007c0000000)
  eden space 171520K, 0% used [0x0000000780800000,0x0000000780800000,0x000000078af80000)
  from space 12288K, 99% used [0x000000078af80000,0x000000078bb7b7e8,0x000000078bb80000)
  to   space 15872K, 0% used [0x000000078f680000,0x000000078f680000,0x0000000790600000)
 ParOldGen       total 104960K, used 18555K [0x0000000701800000, 0x0000000707e80000, 0x0000000780800000)
  object space 104960K, 17% used [0x0000000701800000,0x0000000702a1ec40,0x0000000707e80000)
 Metaspace       used 55936K, capacity 58394K, committed 58544K, reserved 1099776K
  class space    used 7114K, capacity 7511K, committed 7600K, reserved 1048576K
}
Event: 49.471 GC heap before
{Heap before GC invocations=14 (full 2):
 PSYoungGen      total 183808K, used 27070K [0x0000000780800000, 0x0000000790600000, 0x00000007c0000000)
  eden space 171520K, 8% used [0x0000000780800000,0x0000000781674020,0x000000078af80000)
  from space 12288K, 99% used [0x000000078af80000,0x000000078bb7b7e8,0x000000078bb80000)
  to   space 15872K, 0% used [0x000000078f680000,0x000000078f680000,0x0000000790600000)
 ParOldGen       total 104960K, used 18555K [0x0000000701800000, 0x0000000707e80000, 0x0000000780800000)
  object space 104960K, 17% used [0x0000000701800000,0x0000000702a1ec40,0x0000000707e80000)
 Metaspace       used 56450K, capacity 59038K, committed 59160K, reserved 1101824K
  class space    used 7186K, capacity 7613K, committed 7704K, reserved 1048576K
Event: 49.487 GC heap after
Heap after GC invocations=14 (full 2):
 PSYoungGen      total 243712K, used 1972K [0x0000000780800000, 0x0000000791a80000, 0x00000007c0000000)
  eden space 227840K, 0% used [0x0000000780800000,0x0000000780800000,0x000000078e680000)
  from space 15872K, 12% used [0x000000078f680000,0x000000078f86d370,0x0000000790600000)
  to   space 16384K, 0% used [0x000000078e680000,0x000000078e680000,0x000000078f680000)
 ParOldGen       total 104960K, used 24795K [0x0000000701800000, 0x0000000707e80000, 0x0000000780800000)
  object space 104960K, 23% used [0x0000000701800000,0x0000000703036d40,0x0000000707e80000)
 Metaspace       used 56450K, capacity 59038K, committed 59160K, reserved 1101824K
  class space    used 7186K, capacity 7613K, committed 7704K, reserved 1048576K
}
Event: 49.487 GC heap before
{Heap before GC invocations=15 (full 3):
 PSYoungGen      total 243712K, used 1972K [0x0000000780800000, 0x0000000791a80000, 0x00000007c0000000)
  eden space 227840K, 0% used [0x0000000780800000,0x0000000780800000,0x000000078e680000)
  from space 15872K, 12% used [0x000000078f680000,0x000000078f86d370,0x0000000790600000)
  to   space 16384K, 0% used [0x000000078e680000,0x000000078e680000,0x000000078f680000)
 ParOldGen       total 104960K, used 24795K [0x0000000701800000, 0x0000000707e80000, 0x0000000780800000)
  object space 104960K, 23% used [0x0000000701800000,0x0000000703036d40,0x0000000707e80000)
 Metaspace       used 56450K, capacity 59038K, committed 59160K, reserved 1101824K
  class space    used 7186K, capacity 7613K, committed 7704K, reserved 1048576K
Event: 49.766 GC heap after
Heap after GC invocations=15 (full 3):
 PSYoungGen      total 243712K, used 0K [0x0000000780800000, 0x0000000791a80000, 0x00000007c0000000)
  eden space 227840K, 0% used [0x0000000780800000,0x0000000780800000,0x000000078e680000)
  from space 15872K, 0% used [0x000000078f680000,0x000000078f680000,0x0000000790600000)
  to   space 16384K, 0% used [0x000000078e680000,0x000000078e680000,0x000000078f680000)
 ParOldGen       total 133632K, used 23335K [0x0000000701800000, 0x0000000709a80000, 0x0000000780800000)
  object space 133632K, 17% used [0x0000000701800000,0x0000000702ec9e00,0x0000000709a80000)
 Metaspace       used 56450K, capacity 59038K, committed 59160K, reserved 1101824K
  class space    used 7186K, capacity 7613K, committed 7704K, reserved 1048576K
}
Event: 554.138 GC heap before
{Heap before GC invocations=16 (full 3):
 PSYoungGen      total 243712K, used 227840K [0x0000000780800000, 0x0000000791a80000, 0x00000007c0000000)
  eden space 227840K, 100% used [0x0000000780800000,0x000000078e680000,0x000000078e680000)
  from space 15872K, 0% used [0x000000078f680000,0x000000078f680000,0x0000000790600000)
  to   space 16384K, 0% used [0x000000078e680000,0x000000078e680000,0x000000078f680000)
 ParOldGen       total 133632K, used 23335K [0x0000000701800000, 0x0000000709a80000, 0x0000000780800000)
  object space 133632K, 17% used [0x0000000701800000,0x0000000702ec9e00,0x0000000709a80000)
 Metaspace       used 60751K, capacity 63458K, committed 63768K, reserved 1105920K
  class space    used 7682K, capacity 8128K, committed 8216K, reserved 1048576K
Event: 554.152 GC heap after
Heap after GC invocations=16 (full 3):
 PSYoungGen      total 244224K, used 5103K [0x0000000780800000, 0x0000000796080000, 0x00000007c0000000)
  eden space 227840K, 0% used [0x0000000780800000,0x0000000780800000,0x000000078e680000)
  from space 16384K, 31% used [0x000000078e680000,0x000000078eb7bd60,0x000000078f680000)
  to   space 15872K, 0% used [0x0000000795100000,0x0000000795100000,0x0000000796080000)
 ParOldGen       total 133632K, used 23343K [0x0000000701800000, 0x0000000709a80000, 0x0000000780800000)
  object space 133632K, 17% used [0x0000000701800000,0x0000000702ecbe00,0x0000000709a80000)
 Metaspace       used 60751K, capacity 63458K, committed 63768K, reserved 1105920K
  class space    used 7682K, capacity 8128K, committed 8216K, reserved 1048576K
}

