# JRE version: Java(TM) SE Runtime Environment (8.0_151-b12) (build 1.8.0_151-b12)
# Java VM: Java HotSpot(TM) 64-Bit Server VM (25.151-b12 mixed mode windows-amd64 compressed oops)
Heap:
 PSYoungGen      total 184832K, used 176410K [0x0000000780800000, 0x000000078d480000, 0x00000007c0000000)
  eden space 174592K, 95% used [0x0000000780800000,0x000000078aa6d7b8,0x000000078b280000)
  from space 10240K, 98% used [0x000000078ca80000,0x000000078d4592d0,0x000000078d480000)
  to   space 12800K, 0% used [0x000000078bb80000,0x000000078bb80000,0x000000078c800000)
 ParOldGen       total 112640K, used 16752K [0x0000000701800000, 0x0000000708600000, 0x0000000780800000)
  object space 112640K, 14% used [0x0000000701800000,0x000000070285c2c0,0x0000000708600000)
 Metaspace       used 51519K, capacity 54038K, committed 54192K, reserved 1095680K
  class space    used 6880K, capacity 7331K, committed 7344K, reserved 1048576K
GC Heap History (10 events):
Event: 10.376 GC heap before
{Heap before GC invocations=8 (full 1):
 PSYoungGen      total 86016K, used 85664K [0x0000000780800000, 0x0000000787580000, 0x00000007c0000000)
  eden space 82432K, 100% used [0x0000000780800000,0x0000000785880000,0x0000000785880000)
  from space 3584K, 90% used [0x0000000787200000,0x0000000787528000,0x0000000787580000)
  to   space 10752K, 0% used [0x0000000786080000,0x0000000786080000,0x0000000786b00000)
 ParOldGen       total 70656K, used 6705K [0x0000000701800000, 0x0000000705d00000, 0x0000000780800000)
  object space 70656K, 9% used [0x0000000701800000,0x0000000701e8c578,0x0000000705d00000)
 Metaspace       used 25465K, capacity 26492K, committed 26544K, reserved 1073152K
  class space    used 3273K, capacity 3488K, committed 3504K, reserved 1048576K
Event: 10.383 GC heap after
Heap after GC invocations=8 (full 1):
 PSYoungGen      total 101376K, used 5714K [0x0000000780800000, 0x000000078a100000, 0x00000007c0000000)
  eden space 90624K, 0% used [0x0000000780800000,0x0000000780800000,0x0000000786080000)
  from space 10752K, 53% used [0x0000000786080000,0x0000000786614858,0x0000000786b00000)
  to   space 10240K, 0% used [0x0000000789700000,0x0000000789700000,0x000000078a100000)
 ParOldGen       total 70656K, used 6713K [0x0000000701800000, 0x0000000705d00000, 0x0000000780800000)
  object space 70656K, 9% used [0x0000000701800000,0x0000000701e8e578,0x0000000705d00000)
 Metaspace       used 25465K, capacity 26492K, committed 26544K, reserved 1073152K
  class space    used 3273K, capacity 3488K, committed 3504K, reserved 1048576K
}
Event: 11.369 GC heap before
{Heap before GC invocations=9 (full 1):
 PSYoungGen      total 101376K, used 96338K [0x0000000780800000, 0x000000078a100000, 0x00000007c0000000)
  eden space 90624K, 100% used [0x0000000780800000,0x0000000786080000,0x0000000786080000)
  from space 10752K, 53% used [0x0000000786080000,0x0000000786614858,0x0000000786b00000)
  to   space 10240K, 0% used [0x0000000789700000,0x0000000789700000,0x000000078a100000)
 ParOldGen       total 70656K, used 6713K [0x0000000701800000, 0x0000000705d00000, 0x0000000780800000)
  object space 70656K, 9% used [0x0000000701800000,0x0000000701e8e578,0x0000000705d00000)
 Metaspace       used 27532K, capacity 28616K, committed 28720K, reserved 1075200K
  class space    used 3579K, capacity 3800K, committed 3888K, reserved 1048576K
Event: 11.380 GC heap after
Heap after GC invocations=9 (full 1):
 PSYoungGen      total 146432K, used 7614K [0x0000000780800000, 0x000000078ae00000, 0x00000007c0000000)
  eden space 136192K, 0% used [0x0000000780800000,0x0000000780800000,0x0000000788d00000)
  from space 10240K, 74% used [0x0000000789700000,0x0000000789e6f960,0x000000078a100000)
  to   space 10240K, 0% used [0x0000000788d00000,0x0000000788d00000,0x0000000789700000)
 ParOldGen       total 70656K, used 6721K [0x0000000701800000, 0x0000000705d00000, 0x0000000780800000)
  object space 70656K, 9% used [0x0000000701800000,0x0000000701e90578,0x0000000705d00000)
 Metaspace       used 27532K, capacity 28616K, committed 28720K, reserved 1075200K
  class space    used 3579K, capacity 3800K, committed 3888K, reserved 1048576K
}
Event: 14.625 GC heap before
{Heap before GC invocations=10 (full 1):
 PSYoungGen      total 146432K, used 118739K [0x0000000780800000, 0x000000078ae00000, 0x00000007c0000000)
  eden space 136192K, 81% used [0x0000000780800000,0x0000000787485608,0x0000000788d00000)
  from space 10240K, 74% used [0x0000000789700000,0x0000000789e6f960,0x000000078a100000)
  to   space 10240K, 0% used [0x0000000788d00000,0x0000000788d00000,0x0000000789700000)
 ParOldGen       total 70656K, used 6721K [0x0000000701800000, 0x0000000705d00000, 0x0000000780800000)
  object space 70656K, 9% used [0x0000000701800000,0x0000000701e90578,0x0000000705d00000)
 Metaspace       used 33704K, capacity 35368K, committed 35496K, reserved 1079296K
  class space    used 4524K, capacity 4825K, committed 4912K, reserved 1048576K
Event: 14.644 GC heap after
Heap after GC invocations=10 (full 1):
 PSYoungGen      total 146432K, used 10218K [0x0000000780800000, 0x000000078d680000, 0x00000007c0000000)
  eden space 136192K, 0% used [0x0000000780800000,0x0000000780800000,0x0000000788d00000)
  from space 10240K, 99% used [0x0000000788d00000,0x00000007896fa9e8,0x0000000789700000)
  to   space 12288K, 0% used [0x000000078ca80000,0x000000078ca80000,0x000000078d680000)
 ParOldGen       total 70656K, used 9106K [0x0000000701800000, 0x0000000705d00000, 0x0000000780800000)
  object space 70656K, 12% used [0x0000000701800000,0x00000007020e4b90,0x0000000705d00000)
 Metaspace       used 33704K, capacity 35368K, committed 35496K, reserved 1079296K
  class space    used 4524K, capacity 4825K, committed 4912K, reserved 1048576K
}
Event: 14.644 GC heap before
{Heap before GC invocations=11 (full 2):
 PSYoungGen      total 146432K, used 10218K [0x0000000780800000, 0x000000078d680000, 0x00000007c0000000)
  eden space 136192K, 0% used [0x0000000780800000,0x0000000780800000,0x0000000788d00000)
  from space 10240K, 99% used [0x0000000788d00000,0x00000007896fa9e8,0x0000000789700000)
  to   space 12288K, 0% used [0x000000078ca80000,0x000000078ca80000,0x000000078d680000)
 ParOldGen       total 70656K, used 9106K [0x0000000701800000, 0x0000000705d00000, 0x0000000780800000)
  object space 70656K, 12% used [0x0000000701800000,0x00000007020e4b90,0x0000000705d00000)
 Metaspace       used 33704K, capacity 35368K, committed 35496K, reserved 1079296K
  class space    used 4524K, capacity 4825K, committed 4912K, reserved 1048576K
Event: 14.755 GC heap after
Heap after GC invocations=11 (full 2):
 PSYoungGen      total 146432K, used 0K [0x0000000780800000, 0x000000078d680000, 0x00000007c0000000)
  eden space 136192K, 0% used [0x0000000780800000,0x0000000780800000,0x0000000788d00000)
  from space 10240K, 0% used [0x0000000788d00000,0x0000000788d00000,0x0000000789700000)
  to   space 12288K, 0% used [0x000000078ca80000,0x000000078ca80000,0x000000078d680000)
 ParOldGen       total 112640K, used 16744K [0x0000000701800000, 0x0000000708600000, 0x0000000780800000)
  object space 112640K, 14% used [0x0000000701800000,0x000000070285a2c0,0x0000000708600000)
 Metaspace       used 33704K, capacity 35368K, committed 35496K, reserved 1079296K
  class space    used 4524K, capacity 4825K, committed 4912K, reserved 1048576K
}
Event: 19.458 GC heap before
{Heap before GC invocations=12 (full 2):
 PSYoungGen      total 146432K, used 136192K [0x0000000780800000, 0x000000078d680000, 0x00000007c0000000)
  eden space 136192K, 100% used [0x0000000780800000,0x0000000788d00000,0x0000000788d00000)
  from space 10240K, 0% used [0x0000000788d00000,0x0000000788d00000,0x0000000789700000)
  to   space 12288K, 0% used [0x000000078ca80000,0x000000078ca80000,0x000000078d680000)
 ParOldGen       total 112640K, used 16744K [0x0000000701800000, 0x0000000708600000, 0x0000000780800000)
  object space 112640K, 14% used [0x0000000701800000,0x000000070285a2c0,0x0000000708600000)
 Metaspace       used 39831K, capacity 41750K, committed 42032K, reserved 1085440K
  class space    used 5218K, capacity 5567K, committed 5680K, reserved 1048576K
Event: 19.477 GC heap after
Heap after GC invocations=12 (full 2):
 PSYoungGen      total 184832K, used 10084K [0x0000000780800000, 0x000000078d480000, 0x00000007c0000000)
  eden space 174592K, 0% used [0x0000000780800000,0x0000000780800000,0x000000078b280000)
  from space 10240K, 98% used [0x000000078ca80000,0x000000078d4592d0,0x000000078d480000)
  to   space 12800K, 0% used [0x000000078bb80000,0x000000078bb80000,0x000000078c800000)
 ParOldGen       total 112640K, used 16752K [0x0000000701800000, 0x0000000708600000, 0x0000000780800000)
  object space 112640K, 14% used [0x0000000701800000,0x000000070285c2c0,0x0000000708600000)
 Metaspace       used 39831K, capacity 41750K, committed 42032K, reserved 1085440K
  class space    used 5218K, capacity 5567K, committed 5680K, reserved 1048576K
}

