# JRE version: Java(TM) SE Runtime Environment (8.0_151-b12) (build 1.8.0_151-b12)
# Java VM: Java HotSpot(TM) 64-Bit Server VM (25.151-b12 mixed mode windows-amd64 compressed oops)
Heap:
 PSYoungGen      total 155648K, used 52082K [0x0000000780800000, 0x000000078ab80000, 0x00000007c0000000)
  eden space 143872K, 28% used [0x0000000780800000,0x0000000782f604a0,0x0000000789480000)
  from space 11776K, 99% used [0x0000000789480000,0x0000000789ffc578,0x000000078a000000)
  to   space 9728K, 0% used [0x000000078a000000,0x000000078a000000,0x000000078a980000)
 ParOldGen       total 105472K, used 18334K [0x0000000701800000, 0x0000000707f00000, 0x0000000780800000)
  object space 105472K, 17% used [0x0000000701800000,0x00000007029e7958,0x0000000707f00000)
 Metaspace       used 50186K, capacity 52316K, committed 52608K, reserved 1095680K
  class space    used 6361K, capacity 6724K, committed 6784K, reserved 1048576K
GC Heap History (10 events):
Event: 18.674 GC heap before
{Heap before GC invocations=7 (full 1):
 PSYoungGen      total 57344K, used 53172K [0x0000000780800000, 0x0000000786c00000, 0x00000007c0000000)
  eden space 49152K, 100% used [0x0000000780800000,0x0000000783800000,0x0000000783800000)
  from space 8192K, 49% used [0x0000000783800000,0x0000000783bed240,0x0000000784000000)
  to   space 9728K, 0% used [0x0000000786280000,0x0000000786280000,0x0000000786c00000)
 ParOldGen       total 70144K, used 7196K [0x0000000701800000, 0x0000000705c80000, 0x0000000780800000)
  object space 70144K, 10% used [0x0000000701800000,0x0000000701f071f8,0x0000000705c80000)
 Metaspace       used 24710K, capacity 25730K, committed 25984K, reserved 1071104K
  class space    used 3168K, capacity 3385K, committed 3456K, reserved 1048576K
Event: 18.682 GC heap after
Heap after GC invocations=7 (full 1):
 PSYoungGen      total 93184K, used 4741K [0x0000000780800000, 0x0000000786d80000, 0x00000007c0000000)
  eden space 83456K, 0% used [0x0000000780800000,0x0000000780800000,0x0000000785980000)
  from space 9728K, 48% used [0x0000000786280000,0x0000000786721610,0x0000000786c00000)
  to   space 9216K, 0% used [0x0000000785980000,0x0000000785980000,0x0000000786280000)
 ParOldGen       total 70144K, used 7196K [0x0000000701800000, 0x0000000705c80000, 0x0000000780800000)
  object space 70144K, 10% used [0x0000000701800000,0x0000000701f071f8,0x0000000705c80000)
 Metaspace       used 24710K, capacity 25730K, committed 25984K, reserved 1071104K
  class space    used 3168K, capacity 3385K, committed 3456K, reserved 1048576K
}
Event: 19.979 GC heap before
{Heap before GC invocations=8 (full 1):
 PSYoungGen      total 93184K, used 88197K [0x0000000780800000, 0x0000000786d80000, 0x00000007c0000000)
  eden space 83456K, 100% used [0x0000000780800000,0x0000000785980000,0x0000000785980000)
  from space 9728K, 48% used [0x0000000786280000,0x0000000786721610,0x0000000786c00000)
  to   space 9216K, 0% used [0x0000000785980000,0x0000000785980000,0x0000000786280000)
 ParOldGen       total 70144K, used 7196K [0x0000000701800000, 0x0000000705c80000, 0x0000000780800000)
  object space 70144K, 10% used [0x0000000701800000,0x0000000701f071f8,0x0000000705c80000)
 Metaspace       used 27174K, capacity 28352K, committed 28672K, reserved 1075200K
  class space    used 3524K, capacity 3764K, committed 3840K, reserved 1048576K
Event: 19.994 GC heap after
Heap after GC invocations=8 (full 1):
 PSYoungGen      total 92672K, used 7878K [0x0000000780800000, 0x000000078a980000, 0x00000007c0000000)
  eden space 83456K, 0% used [0x0000000780800000,0x0000000780800000,0x0000000785980000)
  from space 9216K, 85% used [0x0000000785980000,0x0000000786131910,0x0000000786280000)
  to   space 9728K, 0% used [0x000000078a000000,0x000000078a000000,0x000000078a980000)
 ParOldGen       total 70144K, used 7196K [0x0000000701800000, 0x0000000705c80000, 0x0000000780800000)
  object space 70144K, 10% used [0x0000000701800000,0x0000000701f071f8,0x0000000705c80000)
 Metaspace       used 27174K, capacity 28352K, committed 28672K, reserved 1075200K
  class space    used 3524K, capacity 3764K, committed 3840K, reserved 1048576K
}
Event: 23.352 GC heap before
{Heap before GC invocations=9 (full 1):
 PSYoungGen      total 92672K, used 85052K [0x0000000780800000, 0x000000078a980000, 0x00000007c0000000)
  eden space 83456K, 92% used [0x0000000780800000,0x000000078535d820,0x0000000785980000)
  from space 9216K, 85% used [0x0000000785980000,0x0000000786131910,0x0000000786280000)
  to   space 9728K, 0% used [0x000000078a000000,0x000000078a000000,0x000000078a980000)
 ParOldGen       total 70144K, used 7196K [0x0000000701800000, 0x0000000705c80000, 0x0000000780800000)
  object space 70144K, 10% used [0x0000000701800000,0x0000000701f071f8,0x0000000705c80000)
 Metaspace       used 33994K, capacity 35414K, committed 35416K, reserved 1079296K
  class space    used 4450K, capacity 4735K, committed 4736K, reserved 1048576K
Event: 23.370 GC heap after
Heap after GC invocations=9 (full 1):
 PSYoungGen      total 153600K, used 9700K [0x0000000780800000, 0x000000078ab80000, 0x00000007c0000000)
  eden space 143872K, 0% used [0x0000000780800000,0x0000000780800000,0x0000000789480000)
  from space 9728K, 99% used [0x000000078a000000,0x000000078a979378,0x000000078a980000)
  to   space 11776K, 0% used [0x0000000789480000,0x0000000789480000,0x000000078a000000)
 ParOldGen       total 70144K, used 8912K [0x0000000701800000, 0x0000000705c80000, 0x0000000780800000)
  object space 70144K, 12% used [0x0000000701800000,0x00000007020b4390,0x0000000705c80000)
 Metaspace       used 33994K, capacity 35414K, committed 35416K, reserved 1079296K
  class space    used 4450K, capacity 4735K, committed 4736K, reserved 1048576K
}
Event: 23.370 GC heap before
{Heap before GC invocations=10 (full 2):
 PSYoungGen      total 153600K, used 9700K [0x0000000780800000, 0x000000078ab80000, 0x00000007c0000000)
  eden space 143872K, 0% used [0x0000000780800000,0x0000000780800000,0x0000000789480000)
  from space 9728K, 99% used [0x000000078a000000,0x000000078a979378,0x000000078a980000)
  to   space 11776K, 0% used [0x0000000789480000,0x0000000789480000,0x000000078a000000)
 ParOldGen       total 70144K, used 8912K [0x0000000701800000, 0x0000000705c80000, 0x0000000780800000)
  object space 70144K, 12% used [0x0000000701800000,0x00000007020b4390,0x0000000705c80000)
 Metaspace       used 33994K, capacity 35414K, committed 35416K, reserved 1079296K
  class space    used 4450K, capacity 4735K, committed 4736K, reserved 1048576K
Event: 23.441 GC heap after
Heap after GC invocations=10 (full 2):
 PSYoungGen      total 153600K, used 0K [0x0000000780800000, 0x000000078ab80000, 0x00000007c0000000)
  eden space 143872K, 0% used [0x0000000780800000,0x0000000780800000,0x0000000789480000)
  from space 9728K, 0% used [0x000000078a000000,0x000000078a000000,0x000000078a980000)
  to   space 11776K, 0% used [0x0000000789480000,0x0000000789480000,0x000000078a000000)
 ParOldGen       total 105472K, used 15989K [0x0000000701800000, 0x0000000707f00000, 0x0000000780800000)
  object space 105472K, 15% used [0x0000000701800000,0x000000070279d708,0x0000000707f00000)
 Metaspace       used 33994K, capacity 35414K, committed 35416K, reserved 1079296K
  class space    used 4450K, capacity 4735K, committed 4736K, reserved 1048576K
}
Event: 32.800 GC heap before
{Heap before GC invocations=11 (full 2):
 PSYoungGen      total 153600K, used 143872K [0x0000000780800000, 0x000000078ab80000, 0x00000007c0000000)
  eden space 143872K, 100% used [0x0000000780800000,0x0000000789480000,0x0000000789480000)
  from space 9728K, 0% used [0x000000078a000000,0x000000078a000000,0x000000078a980000)
  to   space 11776K, 0% used [0x0000000789480000,0x0000000789480000,0x000000078a000000)
 ParOldGen       total 105472K, used 15989K [0x0000000701800000, 0x0000000707f00000, 0x0000000780800000)
  object space 105472K, 15% used [0x0000000701800000,0x000000070279d708,0x0000000707f00000)
 Metaspace       used 46923K, capacity 48944K, committed 49024K, reserved 1091584K
  class space    used 5911K, capacity 6256K, committed 6272K, reserved 1048576K
Event: 32.838 GC heap after
Heap after GC invocations=11 (full 2):
 PSYoungGen      total 155648K, used 11761K [0x0000000780800000, 0x000000078ab80000, 0x00000007c0000000)
  eden space 143872K, 0% used [0x0000000780800000,0x0000000780800000,0x0000000789480000)
  from space 11776K, 99% used [0x0000000789480000,0x0000000789ffc578,0x000000078a000000)
  to   space 9728K, 0% used [0x000000078a000000,0x000000078a000000,0x000000078a980000)
 ParOldGen       total 105472K, used 18334K [0x0000000701800000, 0x0000000707f00000, 0x0000000780800000)
  object space 105472K, 17% used [0x0000000701800000,0x00000007029e7958,0x0000000707f00000)
 Metaspace       used 46923K, capacity 48944K, committed 49024K, reserved 1091584K
  class space    used 5911K, capacity 6256K, committed 6272K, reserved 1048576K
}

